Unity Player [version: Unity 4.5.4f1_e036f44c54c9]

Unknown caused a Privileged Instruction (0xc0000096)
  in module Unknown at 0023:0013fda8.

Error occurred at 2014-10-05_170950.
E:\Documents\GitHub\TowerDefense\project\Builds\TowerDefense 0.2.0.exe, run by Jefferson.
44% memory in use.
0 MB physical memory [0 MB free].
0 MB paging file [0 MB free].
0 MB user address space [3789 MB free].

Context:
EDI:    0x0013fda4  ESI: 0x77baec62  EAX:   0x00000000
EBX:    0x00000000  ECX: 0x0013fca0  EDX:   0x0013fcd8
EIP:    0x0013fda8  EBP: 0x0013fdcc  SegCs: 0x00000023
EFlags: 0x00210246  ESP: 0x0013fd9c  SegSs: 0x0000002b

Bytes at CS:EIP:
e4 fd 13 00 71 e9 ba 77 4c 17 00 00 ec 1e 00 00 

Stack:
0x0013fd9c: 000007a0 0000174c 0013fdb4 0013fde4 ....L...........
0x0013fdac: 77bae971 0000174c 00001eec 0013ffa4 q..wL...........
0x0013fdbc: 0000330c 00050000 0013fe58 fffffffc .3......X.......
0x0013fdcc: 00000002 0013fe24 77bc13cd 0013fdf8 ....$......w....
0x0013fddc: 00060ba8 00000000 0013fe14 77bae9f6 ...............w
0x0013fdec: 0005174c c0150008 00000000 0013fe7c L...........|...
0x0013fdfc: 00000002 0013fe78 c0150008 00000000 ....x...........
0x0013fe0c: fffde000 fffdd000 0013fe34 77baef7b ........4...{..w
0x0013fe1c: 0013fe58 0013fe7c 0013fe80 0013fe30 X...|.......0...
0x0013fe2c: 0005174c 00000000 0013fe88 77baed75 L...........u..w
0x0013fe3c: 0013fe58 0013fe7c 0013fe80 0013fe78 X...|.......x...
0x0013fe4c: 0013ff78 0013ffa4 0013ff94 00000018 x...............
0x0013fe5c: 00000003 00000000 00000002 00000003 ................
0x0013fe6c: 00000002 00000001 536cd652 00000000 ........R.lS....
0x0013fe7c: 0005174c 000007a0 0013fe94 0013ff44 L...........D...
0x0013fe8c: 77baf3df 00000003 00000000 00000002 ...w............
0x0013fe9c: 0013ff04 0013feac 77bafaa4 77baf442 ...........wB..w
0x0013feac: 00000040 00000000 00000000 00000000 @...............
0x0013febc: 00000000 00000000 00000000 00000000 ................
0x0013fecc: 00000000 00000000 00000000 00000000 ................
0x0013fedc: 00000000 00000000 00000000 00000000 ................
0x0013feec: 07578e08 00000000 07578ca0 033fd978 ..W.......W.x.?.
0x0013fefc: 0a98e6c0 00000000 001a0018 101a35e8 .............5..
0x0013ff0c: 00000000 0013ff78 0013ff44 00000000 ....x...D.......
0x0013ff1c: 00020000 0013ff3c 0013ff3c 0013ff3c ....<...<...<...
0x0013ff2c: 00000002 00000002 0a9763a8 00000005 .........c......
0x0013ff3c: 00000000 77bafaa4 77bafaa4 001400a0 .......w...w....
0x0013ff4c: 77baf201 0013ff7c 00140130 001402f4 ...w|...0.......
0x0013ff5c: 77baf26c 014a7e51 0a98e6c0 00800000 l..wQ~J.........
0x0013ff6c: 0013fffc 0013ff88 77bafaa4 00000000 ...........w....
0x0013ff7c: 00000000 00000000 00000000 00000000 ................
0x0013ff8c: 00000000 00000000 001a0018 101a35e8 .............5..
0x0013ff9c: 00140138 0013ffc8 00000000 00000000 8...............
0x0013ffac: 00000000 00000000 00000000 00000000 ................
0x0013ffbc: 00000000 00000000 00000000 00000000 ................
0x0013ffcc: 00000000 00000000 00000000 00200000 .............. .
0x0013ffdc: 0014007c 0014007c 0014007c 00000020 |...|...|... ...
0x0013ffec: 00000020 0958df50 09577cc0 033dd484  ...P.X..|W...=.
0x0013fffc: 01b82610 01b82a2e 00000000 048f1a78 .&...*......x...
0x0014000c: 00140234 00000000 c1cbe301 3f800000 4..............?
0x0014001c: c1b5198d c1908fc6 3f8a4b30 c17d9e70 ........0K.?p.}.
0x0014002c: 00000001 048f1a7c 00140234 fffffffb ....|...4.......
0x0014003c: c1b5198d 3f3cd982 3c03125e 3f2cd28f ......<?^..<..,?
0x0014004c: 3f72aebb 00140068 00573e20 00573e5c ..r?h... >W.\>W.
0x0014005c: 77c848a0 00140080 77bafa39 101a3600 .H.w....9..w.6..
0x0014006c: 00573e4c f03d0810 00140138 77c801a0 L>W...=.8......w
0x0014007c: 00000000 001400ec 77bafeae 00140138 ...........w8...
0x0014008c: 00000000 00140140 77bafaa4 0000002e ....@......w....
0x0014009c: 101a35e8 001400e0 77bafb16 00000001 .5.........w....
0x001400ac: 001402f4 77bafaa4 00140138 00140128 .......w8...(...
0x001400bc: 00140144 00000000 00000000 00000000 D...............
0x001400cc: 00140130 001402f4 77bafaa4 00000018 0..........w....
0x001400dc: 00000018 00140268 0000002e 00000000 ....h...........
0x001400ec: 77bafaa4 101a35e8 00140268 77bb00b3 ...w.5..h......w
0x001400fc: 77bae1b2 77bb0098 765d5cfc 00000001 ...w...w.\]v....
0x0014010c: 77bafd37 00000000 00140130 014b47f8 7..w....0....GK.
0x0014011c: 001402bc 00000000 00140100 00000000 ................
0x0014012c: 00000000 00000001 77c801a0 001a0018 ...........w....
0x0014013c: 101a35e8 00573e20 00140138 01140250 .5.. >W.8...P...
0x0014014c: 00140000 044f96d8 00000010 00140168 ......O.....h...
0x0014015c: 1005dde8 00000040 0a922e64 001401a8 ....@...d.......
0x0014016c: 0014017c 0154eade 00140250 00000000 |.....T.P.......
0x0014017c: 00140190 0154e901 00140250 00000001 ......T.P.......
0x0014018c: 00140250 00140238 014a43ed 00140250 P...8....CJ.P...
0x0014019c: 0340e24c 01c164a0 033ca3c0 09fb1a80 L.@..d....<.....
0x001401ac: ffffd7a2 0405ace0 00140101 00000000 ................
0x001401bc: 00000000 00000000 00000000 00000000 ................
0x001401cc: 00000000 00000000 00000000 00000000 ................
0x001401dc: 00000000 00000000 00000000 00000000 ................
0x001401ec: 00000000 00000000 00000000 00000000 ................
0x001401fc: 00000000 00000000 00000000 00000004 ................
0x0014020c: 00000001 00140554 04050e40 00000010 ....T...@.......
0x0014021c: 00140230 100e8852 03fa8708 0014025c 0...R.......\...
0x0014022c: 00000001 00140248 100e8886 00000000 ....H...........
0x0014023c: 03fa8708 0014025c 0014059c 0014056c ....\.......l...
0x0014024c: 765d5cfc 00140104 03fa8708 001402c8 .\]v............
0x0014025c: 77bf71f5 01f3e434 fffffffe 77bb0098 .q.w4..........w
0x0014026c: 77bafd4f 00000001 00000001 00000000 O..w............
0x0014027c: 001402f4 001402bc 001402d8 77401a43 ............C.@w
0x0014028c: 00000001 00000000 001402f4 77401ace ..............@w
0x0014029c: 3b590722 00000000 101a35e8 00000002 ".Y;.....5......
0x001402ac: 1005f10c 001402c0 09570004 00000000 ..........W.....
0x001402bc: 76990000 0014029c 0a862690 00140740 ...v.....&..@...
0x001402cc: 77427000 4c0f8cf2 fffffffe 77401ace .pBw...L......@w
0x001402dc: 774273ae 77401d09 3b5902aa 00001000 .sBw..@w..Y;....
0x001402ec: 00000000 001408f0 001a0018 101a35e8 .............5..
0x001402fc: 00140770 00000000 00000000 00000000 p...............
0x0014030c: 02080000 0014052c 02080000 00140324 ....,.......$...
0x0014031c: 00000000 76990000 100e8886 00000000 .......v........
0x0014032c: 03fa8708 0014034c 0014068c 0014065c ....L.......\...
0x0014033c: 100f89ca 00000000 03fa8708 00140644 ............D...
0x0014034c: 00000010 00000000 00000010 00000000 ................
0x0014035c: 00000000 014a7e51 00000010 00000000 ....Q~J.........
0x0014036c: 00000000 00000001 00000008 00140388 ................
0x0014037c: 100e883e 1019f224 1019f224 001403b0 >...$...$.......
0x0014038c: 100f85b0 00000000 00000003 0a9229f8 .............)..
0x0014039c: 04050da0 00000001 00000004 00000003 ................
0x001403ac: 00000001 00140654 0a862690 00000008 ....T....&......
0x001403bc: 00000003 100e8852 1019f35c 001403fc ....R...\.......
0x001403cc: 0000000c 00000003 100e8886 00000000 ................
0x001403dc: 1019f35c 001403fc 00140690 0014066c \...........l...
0x001403ec: 100f89ca 00000000 1019f35c 00140654 ........\...T...
0x001403fc: 00000010 00000000 00000010 00000004 ................
0x0014040c: 00000001 00140664 0a85f288 0a85f298 ....d...........
0x0014041c: 00140430 100e8852 1019f344 0014045c 0...R...D...\...
0x0014042c: 00000001 00140448 100e8886 00000000 ....H...........
0x0014043c: 1019f344 0014045c 0014069a 0014067c D...\.......|...
0x0014044c: 100f89ca 00000000 1019f344 00140664 ........D...d...
0x0014045c: 00000010 00000000 00000010 00140478 ............x...
0x0014046c: 100e883e 1019f224 1019f224 001404a0 >...$...$.......
0x0014047c: 100f85b0 00000000 00000010 0a9229f8 .............)..
0x0014048c: 04050da0 00000001 c1b5198d 00000000 ................
0x0014049c: 00000004 0014067c 100f8924 00000000 ....|...$.......
0x001404ac: 00000010 c1cbe301 00000010 00000000 ................
0x001404bc: 00000000 00000001 0000000c 3f008337 ............7..?
0x001404cc: 00000000 bf0bb720 00000000 00000000 .... ...........
0x001404dc: bf800000 c206d758 00000000 be46e676 ....X.......v.F.
0x001404ec: 00000000 bf410000 00000003 101e80c8 ......A.........
0x001404fc: 00140580 100f6f14 00000005 00140530 .....o......0...
0x0014050c: 001407b8 0a8ea730 100f6f95 03fb7cd9 ....0....o...|..
0x0014051c: 001405bc 001405cc 00000005 00000008 ................
0x0014052c: 00000003 03fb7cd9 00000000 00000001 .....|..........
0x0014053c: 04050e78 100f891a 001407b8 0a8ea730 x...........0...
0x0014054c: 100f8a55 00000004 00000001 00000000 U...............
0x0014055c: 04050e60 00000010 00000018 3b453c6e `...........n<E;
0x0014056c: 001405f4 100f7bd2 04050e40 00000004 .....{..@.......
0x0014057c: 00140580 00080000 00047b00 0a000008 .........{......
0x0014058c: 000c0004 00049a00 04000010 00140004 ................
0x0014059c: 00140500 04050e78 100f7bb6 001406d4 ....x....{......
0x001405ac: 00140888 100f7d17 00140888 044f9b28 .....}......(.O.
0x001405bc: 00134f08 76a4ff70 76a514e8 76a52a38 .O..p..v...v8*.v
0x001405cc: 00140664 77bb0199 001406c6 00000554 d......w....T...
0x001405dc: 76990000 76a514e8 77bb01db 765d58f0 ...v...v...w.X]v
0x001405ec: 001406c4 00000000 001406c4 765d58a0 .............X]v
0x001405fc: 0014068c 0014075c 76990000 100f6f95 ....\......v.o..
0x0014060c: 03fb7cd9 000000e8 769900e8 00000000 .|.........v....
0x0014061c: 001405f8 00000003 00140710 77bf71f5 .............q.w
0x0014062c: 0014075c 00000000 00000000 76990000 \..............v
0x0014063c: 76990000 00000000 001406c6 769900e8 ...v...........v
0x0014064c: 001405e8 001406c4 00140710 77bf71f5 .............q.w
0x0014065c: 01f3e184 fffffffe 77b9faea 773ffb90 ...........w..?w
0x0014066c: ffffffff 00000025 00140688 00000030 ....%.......0...
0x0014067c: 00000000 00140758 00140734 01834b03 ....X...4....K..
0x0014068c: 00000000 00100000 00001000 00000002 ................
0x0014069c: 00050001 00000000 81400122 0401014c ........".@.L...
0x001406ac: 00000000 00b02800 00000000 001406cc .....(..........
0x001406bc: 77427ca6 00000000 00001000 77b9fdb0 .|Bw...........w
0x001406cc: 0014071c 773ff38e 001406e4 00140710 ......?w........
0x001406dc: 00140734 00000000 00000000 00026161 4...........aa..
0x001406ec: 00001000 001fc7f5 00000001 0021efff ..............!.
0x001406fc: 00010000 00010000 fffeffff 0000000f ................
0x0014070c: 00000004 00060000 00003c03 a1993ffe .........<...?..
0x0014071c: 00140768 77ba004a 773feebc ffffffff h...J..w..?w....
0x0014072c: 00140750 00140754 00000104 001407c4 P...T...........
0x0014073c: 00131000 0013e000 00140760 773fefdb ........`.....?w
0x0014074c: ffffffff 0013e000 00002000 00000104 ......... ......
0x0014075c: 001407c4 001407d8 10116653 0013e000 ........Sf......
0x0014076c: 00002000 00000104 001407c4 0a8ea748 . ..........H...
0x0014077c: 01335f50 1011666e 00000000 00001000 P_3.nf..........
0x0014078c: 00010000 fffeffff 0000000f 00000004 ................
0x0014079c: 0000024a 00010000 3c030006 00140000 J..........<....
0x001407ac: 00130000 00000004 000f0000 00001000 ................
0x001407bc: 00000004 00020000 00000004 00130000 ................
0x001407cc: 00140774 00000000 3b453eda 001408b0 t........>E;....
0x001407dc: 100e82ee 00140b00 04097ef0 100e8267 .........~..g...
0x001407ec: 00132000 044f9ae8 001326c4 01d99073 . ....O..&..s...
0x001407fc: 00140970 00140940 0a9763a8 00140b00 p...@....c......
0x0014080c: 044f9b28 044f9b4d 00000000 00000000 (.O.M.O.........
0x0014081c: 00000001 00000000 00000000 001351e4 .............Q..
0x0014082c: 00000005 01339ab8 01324e70 00000001 ......3.pN2.....
0x0014083c: 00000001 04097e98 00000000 00000000 .....~..........
0x0014084c: 01335f50 01335f50 0a8ea730 00000000 P_3.P_3.0.......
0x0014085c: 00000000 00000000 00000000 00000000 ................
0x0014086c: 00000000 00000000 00000000 00000000 ................
0x0014087c: 00000000 00000000 00000000 00132000 ............. ..
0x0014088c: 044f9ae8 001326c4 01d99073 00134f30 ..O..&..s...0O..
0x0014089c: 00134f18 0a95e290 00135090 100f0265 .O.......P..e...
0x001408ac: 3b4531b2 001408d0 100e851f 001408f0 .1E;............
0x001408bc: 01335f50 044f9b28 00000000 00000000 P_3.(.O.........
0x001408cc: 00000000 100f7dc3 001408f0 001408f0 .....}..........
0x001408dc: 01335f50 044f9b28 00000000 0a9763a8 P_3.(.O......c..
0x001408ec: 044f9ae8 00132000 044f9ae8 001326c4 ..O.. ....O..&..
0x001408fc: 01d99073 00134f00 00134ed0 0a95e290 s....O...N......
0x0014090c: 00135090 044f9b5f 3b45301a 00140970 .P.._.O..0E;p...
0x0014091c: 040a0e81 01335f50 00000027 00000000 ....P_3.'.......
0x0014092c: 044f9b28 040a0c52 0a8d42f8 01335f50 (.O.R....B..P_3.
0x0014093c: 00000000 00140958 10001e35 0a95a4e8 ....X...5.......
0x0014094c: 0a95a4e8 0a95a4e8 00000000 00000000 ................
0x0014095c: 10001ddd 03f9e118 0a95a4e8 00140970 ............p...
0x0014096c: 00140974 001409a0 100f0266 09fb1ac0 t.......f.......
0x0014097c: 00140a94 00140b00 04509690 00010000 ..........P.....
0x0014098c: 00000000 0a95a4e8 048f195c 01324e70 ........\...pN2.
0x0014099c: 00140ae4 001409c4 1005d79e 0a95a4e8 ................
0x001409ac: 09fb1ac0 00140a94 00140b00 00140b00 ................
0x001409bc: 033ca3c0 00000000 001409e0 014b47f8 ..<..........GK.
0x001409cc: 0a95a4e8 09fb1ac0 00140a94 00140b00 ................
0x001409dc: 00140a50 00140a1c 0154e955 033ca3c0 P.......U.T...<.
0x001409ec: 09fb1ac0 00140a6c 00140b00 00140b00 ....l...........
0x001409fc: 00140a50 044f96d8 00000010 00140a18 P.....O.........
0x00140a0c: 1005dde8 00000040 0a922e64 00140a58 ....@...d...X...
0x00140a1c: 00140a2c 0154eade 00140b00 00000000 ,.....T.........
0x00140a2c: 00140a40 0154e901 00140b00 00000001 @.....T.........
0x00140a3c: 00140b00 00140ae8 014a43ed 00140b00 .........CJ.....
0x00140a4c: 0340e1c4 01c164a0 033ca3c0 09fb1ac0 ..@..d....<.....
0x00140a5c: ffffd7a2 0405ace0 00140a01 00000000 ................
0x00140a6c: 00000000 00000000 00000000 00000000 ................
0x00140a7c: 00000000 00000000 00000000 00000000 ................
0x00140a8c: 00000000 00000000 00000000 00000000 ................
0x00140a9c: 00000000 00000000 00000000 00000000 ................
0x00140aac: 00000000 00000000 00000000 00000000 ................
0x00140abc: 00000000 00000000 00000000 00000000 ................
0x00140acc: 00000000 00000000 00000000 00000000 ................
0x00140adc: 00000000 00000000 00000000 00140b04 ................
0x00140aec: 77baec62 00140b2c 00140b08 77baeba1 b..w,..........w
0x00140afc: 000007a0 0000174c 00140b14 00140b44 ....L.......D...
0x00140b0c: 77bae971 0000174c 00001eec 000007a0 q..wL...........
0x00140b1c: 0000330c 00050000 00140bb8 fffffffc .3..............
0x00140b2c: 00000002 00140b84 77bc13cd 00140b58 ...........wX...
0x00140b3c: 00060ba8 00000000 00140b74 77bae9f6 ........t......w
0x00140b4c: 0005174c c0150008 00000000 00140bdc L...............
0x00140b5c: 00000002 00140bd8 c0150008 00000000 ................
0x00140b6c: fffde000 fffdd000 00140b94 77baef7b ............{..w
0x00140b7c: 00140bb8 00140bdc 00140be0 00140b90 ................
0x00140b8c: 0005174c 00000000 00140be8 77baed75 L...........u..w
0x00140b9c: 00140bb8 00140bdc 00140be0 00140bd8 ................
0x00140bac: 00140cd8 00140d04 00140cf4 00000018 ................
0x00140bbc: 00000003 00000000 00000002 00000003 ................
0x00140bcc: 00000002 00000001 536cd652 00000000 ........R.lS....
0x00140bdc: 0005174c 000007a0 00140bf4 00140ca4 L...............
0x00140bec: 77baf3df 00000003 00000000 00000002 ...w............
0x00140bfc: 00140c64 00140c0c 77bafaa4 77baf442 d..........wB..w
0x00140c0c: 00000040 00000000 00000000 00000000 @...............
0x00140c1c: 00000000 00000000 00000000 00000000 ................
0x00140c2c: 00000000 00000000 00000000 00000000 ................
0x00140c3c: 00000000 00000000 00000000 00000000 ................
0x00140c4c: 0a95e290 00000000 00141104 04097ea0 .............~..
0x00140c5c: 0a95e290 00000000 001a0018 101a35e8 .............5..
0x00140c6c: 00000000 00140cd8 00140ca4 00000000 ................
0x00140c7c: 00020000 00140c9c 00140c9c 00140c9c ................
0x00140c8c: 00000002 00000002 3f800000 00000005 ...........?....
0x00140c9c: 00000000 77bafaa4 77bafaa4 00140e00 .......w...w....
0x00140cac: 77baf201 00140cdc 00140e90 00141054 ...w........T...
0x00140cbc: 77baf26c 00000000 40468000 00800000 l..w......F@....
0x00140ccc: 00140d5c 09fb05fc 77bafaa4 00000000 \..........w....
0x00140cdc: 00000000 00000000 00000000 00000000 ................
0x00140cec: 00000000 00000000 001a0018 101a35e8 .............5..
0x00140cfc: 00140e98 00000000 00000000 00000000 ................
0x00140d0c: 00000000 00000000 00000000 00000000 ................
0x00140d1c: 00000000 00000000 00000000 00000000 ................
0x00140d2c: 00000000 00000000 00000000 00200000 .............. .
0x00140d3c: 00140ddc 00140ddc 00140ddc 00000020 ............ ...
0x00140d4c: 00000020 c1b5198d c1908fc6 3f8a4b30  ...........0K.?
0x00140d5c: c17d9e70 c1cbe301 3f800000 c1b5198d p.}........?....
0x00140d6c: c1ba93c3 3f8a4b30 c1a3d757 3f568337 ....0K.?W...7.V?
0x00140d7c: 00000000 bf0bb720 00000000 00000000 .... ...........
0x00140d8c: bf800000 c206d758 00000000 be46e676 ....X.......v.F.
0x00140d9c: 00000000 bf41dbf8 bd0be3c3 033b5da8 ......A......];.
0x00140dac: 00140e6c 00140dc8 00573e20 00573e5c l....... >W.\>W.
0x00140dbc: 77c848a0 00140de0 77bafa39 101a3600 .H.w....9..w.6..
0x00140dcc: 00573e4c f03d0810 00140e98 77c801a0 L>W...=........w
0x00140ddc: 00000000 00140e4c 77bafeae 00140e98 ....L......w....
0x00140dec: 00000000 00140ea0 77bafaa4 0000002e ...........w....
0x00140dfc: 101a35e8 00140e40 77bafb16 00000001 .5..@......w....
0x00140e0c: 00141054 77bafaa4 00140e98 00140e88 T......w........
0x00140e1c: 00140ea4 00000000 00000000 00000000 ................
0x00140e2c: 00140e90 00141054 77bafaa4 00000018 ....T......w....
0x00140e3c: 00000018 00140fc8 0000002e 00000000 ................
0x00140e4c: 77bafaa4 101a35e8 00140fc8 77bb00b3 ...w.5.........w
0x00140e5c: 77bae1b2 77bb0098 765d515c 00000001 ...w...w\Q]v....
0x00140e6c: 77bafd37 00000000 00140e90 014b47f8 7..w.........GK.
0x00140e7c: 0014101c 00000000 00140f00 00000000 ................
0x00140e8c: 00000000 00000001 77c801a0 001a0018 ...........w....
0x00140e9c: 101a35e8 00573e20 00140e98 01140fb0 .5.. >W.........
0x00140eac: 00140000 044f96d8 0000001c 00140ec8 ......O.........
0x00140ebc: 1005dde8 00000064 0a92293c 00140f08 ....d...<)......
0x00140ecc: 00140edc 0154eade 00140fb0 00000000 ......T.........
0x00140edc: 00140ef0 0154e901 00140fb0 00000001 ......T.........
0x00140eec: 00140fb0 00140f98 014a43ed 00140fb0 .........CJ.....
0x00140efc: 0340e180 01c164a0 033cb2fc 09fb05b0 ..@..d....<.....
0x00140f0c: ffffd7a2 0405ace0 00140f01 00000000 ................
0x00140f1c: 00000000 00000000 00000000 00000000 ................
0x00140f2c: 00000000 00000000 00000000 00000000 ................
0x00140f3c: 00000000 00000000 00000000 00000000 ................
0x00140f4c: 00000000 00000000 00000000 00000000 ................
0x00140f5c: 00000000 00000000 00000000 00000004 ................
0x00140f6c: 00000001 001412b4 04050e40 00000010 ........@.......
0x00140f7c: 00140f90 100e8852 03fa8708 00140fbc ....R...........
0x00140f8c: 00000001 00140fa8 100e8886 00000000 ................
0x00140f9c: 03fa8708 00140fbc 001412fc 001412cc ................
0x00140fac: 765d515c 00140e64 03fa8708 00141028 \Q]vd.......(...
0x00140fbc: 77bf71f5 01f3e434 fffffffe 77bb0098 .q.w4..........w
0x00140fcc: 77bafd4f 00000001 00000001 00000000 O..w............
0x00140fdc: 00141054 0014101c 00141038 77401a43 T.......8...C.@w
0x00140fec: 00000001 00000000 00141054 77401ace ........T.....@w
0x00140ffc: 3b5915c2 00000000 101a35e8 00000002 ..Y;.....5......
0x0014100c: 1005f10c 00141020 09570004 00000000 .... .....W.....
0x0014101c: 76990000 00140ffc 0a862690 001414a0 ...v.....&......
0x0014102c: 77427000 4c0f8cf2 fffffffe 77401ace .pBw...L......@w
0x0014103c: 774273ae 77401d09 3b59114a 00001000 .sBw..@wJ.Y;....
0x0014104c: 00000000 00141650 001a0018 101a35e8 ....P........5..
0x0014105c: 001414d0 00000000 00000000 00000000 ................
0x0014106c: 02080000 0014128c 02080000 00141084 ................
0x0014107c: 00000000 76990000 100e8886 00000000 .......v........
0x0014108c: 03fa8708 001410ac 001413ec 001413bc ................
0x0014109c: 100f89ca 00000000 03fa8708 001413a4 ................
0x001410ac: 00000010 00000000 00000010 00000000 ................
0x001410bc: 00000000 014a7e51 00000010 00000000 ....Q~J.........
0x001410cc: 00000000 00000001 00000008 001410e8 ................
0x001410dc: 100e883e 1019f224 1019f224 00141110 >...$...$.......
0x001410ec: 100f85b0 00000000 00000003 0a9229f8 .............)..
0x001410fc: 04050da0 00000001 00000004 00000003 ................
0x0014110c: 00000001 001413b4 0a862690 00000008 .........&......
0x0014111c: 00000003 100e8852 1019f35c 0014115c ....R...\...\...
0x0014112c: 0000000c 00000003 100e8886 00000000 ................
0x0014113c: 1019f35c 0014115c 001413f0 001413cc \...\...........
0x0014114c: 100f89ca 00000000 1019f35c 001413b4 ........\.......
0x0014115c: 00000010 01b80000 00000010 00000004 ................
0x0014116c: 00000001 001413c4 0a85f288 0a85f298 ................
0x0014117c: 00141190 100e8852 1019f344 001411bc ....R...D.......
0x0014118c: 00000001 001411a8 100e8886 00000000 ................
0x0014119c: 1019f344 001411bc 001413fa 001413dc D...............
0x001411ac: 100f89ca 00000000 1019f344 001413c4 ........D.......
0x001411bc: 00000010 3f5e1635 00000010 001411d8 ....5.^?........
0x001411cc: 100e883e 1019f224 1019f224 00141200 >...$...$.......
0x001411dc: 100f85b0 00000000 00000010 0a9229f8 .............)..
0x001411ec: 04050da0 00000001 10001e35 00000000 ........5.......
0x001411fc: 00000004 001413dc 100f8924 00000000 ........$.......
0x0014120c: 00000010 03f9e118 00000010 00000000 ................
0x0014121c: 00000000 00000001 0000000c 09001b00 ................
0x0014122c: 00000000 001413b0 04509690 00010000 ..........P.....
0x0014123c: 00000000 0a95a4e8 048f195c 01324e70 ........\...pN2.
0x0014124c: 00141394 00140000 00000003 101e80c8 ................
0x0014125c: 001412e0 100f6f14 00000005 00141290 .....o..........
0x0014126c: 00141518 0a8ea730 100f6f95 03fb7cd9 ....0....o...|..
0x0014127c: 0014131c 0014132c 00000005 00000008 ....,...........
0x0014128c: 00000003 03fb7cd9 00000000 00000001 .....|..........
0x0014129c: 04050e78 100f891a 00141518 0a8ea730 x...........0...
0x001412ac: 100f8a55 00000004 00000001 00000000 U...............
0x001412bc: 04050e60 00000010 00000018 3b452bce `............+E;
0x001412cc: 00141354 100f7bd2 04050e40 00000004 T....{..@.......
0x001412dc: 001412e0 00080000 00047b00 0a000008 .........{......
0x001412ec: 000c0004 00049a00 04000010 00140004 ................
0x001412fc: 00141300 04050e78 100f7bb6 00141434 ....x....{..4...
0x0014130c: 001415e8 100f7d17 001415e8 044f9b28 .....}......(.O.
0x0014131c: 00134658 76a4ff70 76a514e8 76a52a38 XF..p..v...v8*.v
0x0014132c: 001413c4 77bb0199 00141426 00000554 .......w&...T...
0x0014133c: 76990000 76a514e8 77bb01db 765d4d50 ...v...v...wPM]v
0x0014134c: 00141424 00000000 00141424 765d4d00 $.......$....M]v
0x0014135c: 001413ec 001414bc 76990000 100f6f95 ...........v.o..
0x0014136c: 03fb7cd9 000000e8 769900e8 00000000 .|.........v....
0x0014137c: 00141358 00000003 00141470 77bf71f5 X.......p....q.w
0x0014138c: 001414bc 00000000 00000000 76990000 ...............v
0x0014139c: 76990000 00000000 00141426 769900e8 ...v....&......v
0x001413ac: 00141348 00141424 00141470 77bf71f5 H...$...p....q.w
0x001413bc: 01f3e184 fffffffe 77b9faea 773ffb90 ...........w..?w
0x001413cc: ffffffff 00000025 001413e8 00000030 ....%.......0...
0x001413dc: 00000000 001414b8 00141494 01834b03 .............K..
0x001413ec: 00000000 00100000 00001000 00000002 ................
0x001413fc: 00050001 00000000 81400122 0401014c ........".@.L...
0x0014140c: 00000000 00b02800 00000000 0014142c .....(......,...
0x0014141c: 77427ca6 00000000 00001000 77b9fdb0 .|Bw...........w
0x0014142c: 0014147c 773ff38e 00141444 00141470 |.....?wD...p...
0x0014143c: 00141494 00000000 00000000 00026161 ............aa..
0x0014144c: 00001000 001fc7f5 00000001 0021efff ..............!.
0x0014145c: 00010000 00010000 fffeffff 0000000f ................
0x0014146c: 00000004 00060000 00003c03 a1993ffe .........<...?..
0x0014147c: 001414c8 77ba004a 773feebc ffffffff ....J..w..?w....
0x0014148c: 001414b0 001414b4 00000104 00141524 ............$...
0x0014149c: 00131000 0013f000 001414c0 773fefdb ..............?w
0x001414ac: ffffffff 0013f000 00002000 00000104 ......... ......
0x001414bc: 00141524 00141538 10116653 0013f000 $...8...Sf......
0x001414cc: 00002000 00000104 00141524 0a8ea748 . ......$...H...
0x001414dc: 01335f50 1011666e 00000000 00001000 P_3.nf..........
0x001414ec: 00010000 fffeffff 0000000f 00000004 ................
0x001414fc: 0000024a 00010000 3c030006 00141000 J..........<....
0x0014150c: 00130000 00000004 000ef000 00001000 ................
0x0014151c: 00000004 00020000 00000004 00130000 ................
0x0014152c: 001414d4 00000000 3b452c3a 00141610 ........:,E;....
0x0014153c: 100e82ee 00141860 04097ef0 100e8267 ....`....~..g...
0x0014154c: 0409ab78 044f9ae8 0a556544 0a556550 x.....O.DeU.PeU.
0x0014155c: 001416d0 001416a0 0a95e290 00141860 ............`...
0x0014156c: 044f9b28 044f9b4d 00000000 00000000 (.O.M.O.........
0x0014157c: 00000001 00000000 00000000 00134934 ............4I..
0x0014158c: 00000005 01339ab8 01324e70 00000001 ......3.pN2.....
0x0014159c: 00000001 04097e98 00000000 00000000 .....~..........
0x001415ac: 01335f50 01335f50 0a8ea730 00000000 P_3.P_3.0.......
0x001415bc: 00000000 00000000 00000000 00000000 ................
0x001415cc: 00000000 00000000 00000000 00000000 ................
0x001415dc: 00000000 00000000 00000000 0409ab78 ............x...
0x001415ec: 044f9ae8 0a556544 0a556550 00134680 ..O.DeU.PeU..F..
0x001415fc: 00134668 0a95e290 001347e0 100f0265 hF.......G..e...
0x0014160c: 3b452f12 00141630 100e851f 00141650 ./E;0.......P...
0x0014161c: 01335f50 044f9b28 00000000 00000000 P_3.(.O.........
0x0014162c: 00000000 100f7dc3 00141650 00141650 .....}..P...P...
0x0014163c: 01335f50 044f9b28 00000000 0a95e290 P_3.(.O.........
0x0014164c: 044f9ae8 0409ab78 044f9ae8 0a556544 ..O.x.....O.DeU.
0x0014165c: 0a556550 00134650 00134620 0a95e290 PeU.PF.. F......
0x0014166c: 001347e0 044f9b5f 3b452f7a 001416d0 .G.._.O.z/E;....
0x0014167c: 040a0e81 01335f50 00000027 00000000 ....P_3.'.......
0x0014168c: 044f9b28 040a0c52 0a8d4298 01335f50 (.O.R....B..P_3.
0x0014169c: 00000000 001416b8 10001e35 0a95a130 ........5...0...
0x001416ac: 0a95a130 0a95a130 00000000 00000000 0...0...........
0x001416bc: 10001ddd 03f9e118 0a95a130 001416d0 ........0.......
0x001416cc: 001416d4 00141700 100f0266 09fb0620 ........f... ...
0x001416dc: 001417f4 00141860 045082f8 00010000 ....`.....P.....
0x001416ec: 00000000 0a95a130 00000000 01324e70 ....0.......pN2.
0x001416fc: 00000000 00141724 1005d79e 0a95a130 ....$.......0...
0x0014170c: 09fb0620 001417f4 00141860 00141860  .......`...`...
0x0014171c: 033cb2fc 00000000 00141740 014b47f8 ..<.....@....GK.
0x0014172c: 0a95a130 09fb0620 001417f4 00141860 0... .......`...
0x0014173c: 001417b0 0014177c 0154e955 033cb2fc ....|...U.T...<.
0x0014174c: 09fb0620 001417cc 00141860 00141860  .......`...`...
0x0014175c: 001417b0 044f96d8 0000001c 00141778 ......O.....x...
0x0014176c: 1005dde8 00000064 0a92293c 001417b8 ....d...<)......
0x0014177c: 0014178c 0154eade 00141860 00000000 ......T.`.......
0x0014178c: 001417a0 0154e901 00141860 001417b4 ......T.`.......
0x0014179c: 77baec62 001417dc 001417b8 77baeba1 b..w...........w
0x001417ac: 000007a0 0000174c 001417c4 001417f4 ....L...........
0x001417bc: 77bae971 0000174c 00001eec 000007a0 q..wL...........
0x001417cc: 0000330c 00050000 00141868 fffffffc .3......h.......
0x001417dc: 00000002 00141834 77bc13cd 00141808 ....4......w....
0x001417ec: 00060ba8 00000000 00141824 77bae9f6 ........$......w
0x001417fc: 0005174c c0150008 00000000 0014188c L...............
0x0014180c: 00000002 00141888 c0150008 00000000 ................
0x0014181c: fffde000 fffdd000 00141844 77baef7b ........D...{..w
0x0014182c: 00141868 0014188c 00141890 00141840 h...........@...
0x0014183c: 0005174c 00000000 00141898 77baed75 L...........u..w
0x0014184c: 00141868 0014188c 00141890 00141888 h...............
0x0014185c: 00141988 001419b4 001419a4 00000018 ................
0x0014186c: 00000003 00000000 00000002 00000003 ................
0x0014187c: 00000002 00000001 536cd652 00000000 ........R.lS....
0x0014188c: 0005174c 000007a0 001418a4 00141954 L...........T...
0x0014189c: 77baf3df 00000003 00000000 00000002 ...w............
0x001418ac: 00141914 001418bc 77bafaa4 77baf442 ...........wB..w
0x001418bc: 00000040 00000000 00000000 00000000 @...............
0x001418cc: 00000000 00000000 00000000 00000000 ................
0x001418dc: 00000000 00000000 00000000 00000000 ................
0x001418ec: 00000000 00000000 00000000 00000000 ................
0x001418fc: 07578e08 00000000 07578ca0 033fd978 ..W.......W.x.?.
0x0014190c: 0a98e660 00000000 001a0018 101a35e8 `............5..
0x0014191c: 00000000 00141988 00141954 00000000 ........T.......
0x0014192c: 00020000 0014194c 0014194c 0014194c ....L...L...L...
0x0014193c: 00000002 00000002 0a9763a8 00000005 .........c......
0x0014194c: 00000000 77bafaa4 77bafaa4 00141ab0 .......w...w....
0x0014195c: 77baf201 0014198c 00141b40 00141d04 ...w....@.......
0x0014196c: 77baf26c 014a7e51 0a98e660 00800000 l..wQ~J.`.......
0x0014197c: 00141a0c 00141998 77bafaa4 00000000 ...........w....
0x0014198c: 00000000 00000000 00000000 00000000 ................
0x0014199c: 00000000 00000000 001a0018 101a35e8 .............5..
0x001419ac: 00141b48 001419d8 00000000 00000000 H...............
0x001419bc: 00000000 00000000 00000000 00000000 ................
0x001419cc: 00000000 00000000 00000000 00000000 ................
0x001419dc: 00000000 00000000 00000000 00200000 .............. .
0x001419ec: 00141a8c 00141a8c 00141a8c 00000020 ............ ...
0x001419fc: 00000020 0958df50 09577cc0 033dd484  ...P.X..|W...=.
0x00141a0c: 01b82610 01b82a2e 00000000 048f1a78 .&...*......x...
0x00141a1c: 00141c44 00000000 c1cbe301 3f800000 D..............?
0x00141a2c: c1b5198d c1908fc6 3f8a4b30 c17d9e70 ........0K.?p.}.
0x00141a3c: 00000001 048f1a7c 00141c44 fffffffb ....|...D.......
0x00141a4c: c1b5198d 3f3cd982 3c03125e 3f2cd28f ......<?^..<..,?
0x00141a5c: 3f72aebb 00141a78 00573e20 00573e5c ..r?x... >W.\>W.
0x00141a6c: 77c848a0 00141a90 77bafa39 101a3600 .H.w....9..w.6..
0x00141a7c: 00573e4c f03d0810 00141b48 77c801a0 L>W...=.H......w
0x00141a8c: 00000000 00141afc 77bafeae 00141b48 ...........wH...
0x00141a9c: 00000000 00141b50 77bafaa4 0000002e ....P......w....
0x00141aac: 101a35e8 00141af0 77bafb16 00000001 .5.........w....
0x00141abc: 00141d04 77bafaa4 00141b48 00141b38 .......wH...8...
0x00141acc: 00141b54 00000000 00000000 00000000 T...............
0x00141adc: 00141b40 00141d04 77bafaa4 00000018 @..........w....
0x00141aec: 00000018 00141c78 0000002e 00000000 ....x...........
0x00141afc: 77bafaa4 101a35e8 00141c78 77bb00b3 ...w.5..x......w
0x00141b0c: 77bae1b2 77bb0098 765d42ec 00000001 ...w...w.B]v....
0x00141b1c: 77bafd37 00000000 00141b40 014b47f8 7..w....@....GK.
0x00141b2c: 00141ccc 00000000 00141b00 00000000 ................
0x00141b3c: 00000000 00000001 77c801a0 001a0018 ...........w....
0x00141b4c: 101a35e8 00573e20 00141b48 01141c60 .5.. >W.H...`...
0x00141b5c: 00140000 044f96d8 00000010 00141b78 ......O.....x...
0x00141b6c: 1005dde8 00000040 0a922e64 00141bb8 ....@...d.......
0x00141b7c: 00141b8c 0154eade 00141c60 00000000 ......T.`.......
0x00141b8c: 00141ba0 0154e901 00141c60 00000001 ......T.`.......
0x00141b9c: 00141c60 00141c48 014a43ed 00141c60 `...H....CJ.`...
0x00141bac: 0340e0b4 01c164a0 033ca3c0 09fb1b40 ..@..d....<.@...
0x00141bbc: ffffd7a2 0405ace0 00141b01 00000000 ................
0x00141bcc: 00000000 00000000 00000000 00000000 ................
0x00141bdc: 00000000 00000000 00000000 00000000 ................
0x00141bec: 00000000 00000000 00000000 00000000 ................
0x00141bfc: 00000000 00000000 00000000 00000000 ................
0x00141c0c: 00000000 00000000 00000000 00000004 ................
0x00141c1c: 00000001 00141f64 04050e40 00000010 ....d...@.......
0x00141c2c: 00141c40 100e8852 03fa8708 00141c6c @...R.......l...
0x00141c3c: 00000001 00141c58 100e8886 00000000 ....X...........
0x00141c4c: 03fa8708 00141c6c 00141fac 00141f7c ....l.......|...
0x00141c5c: 765d42ec 00141b14 03fa8708 00141cd8 .B]v............
0x00141c6c: 77bf71f5 01f3e434 fffffffe 77bb0098 .q.w4..........w
0x00141c7c: 77bafd4f 00000001 00000001 00000000 O..w............
0x00141c8c: 00141d04 00141ccc 00141ce8 77401a43 ............C.@w
0x00141c9c: 00000001 00000000 00141d04 77401ace ..............@w
0x00141cac: 3b591912 00000000 101a35e8 00000002 ..Y;.....5......
0x00141cbc: 1005f10c 00141cd0 09570004 00000000 ..........W.....
0x00141ccc: 76990000 00141cac 0a862690 00142150 ...v.....&..P!..
0x00141cdc: 77427000 4c0f8cf2 fffffffe 77401ace .pBw...L......@w
0x00141cec: 774273ae 77401d09 3b59249a 00001000 .sBw..@w.$Y;....
0x00141cfc: 00000000 00142300 001a0018 101a35e8 .....#.......5..
0x00141d0c: 00142180 00000000 00000000 00000000 .!..............
0x00141d1c: 02080000 00141f3c 02080000 00141d34 ....<.......4...
0x00141d2c: 00000000 76990000 100e8886 00000000 .......v........
0x00141d3c: 03fa8708 00141d5c 0014209c 0014206c ....\.... ..l ..
0x00141d4c: 100f89ca 00000000 03fa8708 00142054 ............T ..
0x00141d5c: 00000010 00000000 00000010 00000000 ................
0x00141d6c: 00000000 014a7e51 00000010 00000000 ....Q~J.........
0x00141d7c: 00000000 00000001 00000008 00141d98 ................
0x00141d8c: 100e883e 1019f224 1019f224 00141dc0 >...$...$.......

Module 1
E:\Documents\GitHub\TowerDefense\project\Builds\TowerDefense 0.2.0.exe
Image Base: 0x013a0000  Image Size: 0x00ba6000
File Size:  11544576    File Time:  2014-09-05_005952
Version:
   Company:    
   Product:    
   FileDesc:   
   FileVer:    4.5.4.31047
   ProdVer:    4.5.4.31047

Module 2
C:\Windows\system32\nvspcap.dll
Image Base: 0x10000000  Image Size: 0x00114000
File Size:  1126480     File Time:  2014-08-08_172218
Version:
   Company:    NVIDIA Corporation
   Product:    NVIDIA GeForce Experience
   FileDesc:   NVIDIA Capture Server Proxy
   FileVer:    15.3.36.0
   ProdVer:    15.3.36.0

Module 3
C:\Windows\system32\xinput1_3.dll
Image Base: 0x00400000  Image Size: 0x00016000
File Size:  81768       File Time:  2007-04-04_185342
Version:
   Company:    Microsoft Corporation
   Product:    Microsoft? DirectX for Windows?
   FileDesc:   Microsoft Common Controller API
   FileVer:    9.18.944.0
   ProdVer:    9.18.944.0

Module 4
E:\Documents\GitHub\TowerDefense\project\Builds\TowerDefense 0.2.0_Data\Mono\mono.dll
Image Base: 0x10000000  Image Size: 0x0022f000
File Size:  2101760     File Time:  2014-09-04_114112
Version:
   Company:    
   Product:    
   FileDesc:   
   FileVer:    0.0.0.0
   ProdVer:    0.0.0.0

Module 5
C:\Windows\system32\nvwgf2um.dll
Image Base: 0x5df20000  Image Size: 0x00f3a000
File Size:  16003912    File Time:  2014-05-19_194404
Version:
   Company:    NVIDIA Corporation
   Product:    NVIDIA D3D10 drivers
   FileDesc:   NVIDIA D3D10 Driver, Version 337.88 
   FileVer:    9.18.13.3788
   ProdVer:    9.18.13.3788

Module 6
C:\Windows\system32\d3d11.dll
Image Base: 0x623c0000  Image Size: 0x00175000
File Size:  1505280     File Time:  2013-04-25_163034
Version:
   Company:    Microsoft Corporation
   Product:    Microsoft? Windows? Operating System
   FileDesc:   Direct3D 11 Runtime
   FileVer:    6.2.9200.16570
   ProdVer:    6.2.9200.16570

Module 7
C:\Windows\system32\dxgi.dll
Image Base: 0x62ac0000  Image Size: 0x0004c000
File Size:  293376      File Time:  2013-08-27_053242
Version:
   Company:    Microsoft Corporation
   Product:    Microsoft? Windows? Operating System
   FileDesc:   DirectX Graphics Infrastructure
   FileVer:    6.2.9200.16492
   ProdVer:    6.2.9200.16492

Module 8
C:\Windows\SysWOW64\bcryptprimitives.dll
Image Base: 0x635d0000  Image Size: 0x0003d000
File Size:  249680      File Time:  2009-07-13_181756
Version:
   Company:    Microsoft Corporation
   Product:    Microsoft? Windows? Operating System
   FileDesc:   Windows Cryptographic Primitives Library
   FileVer:    6.1.7600.16385
   ProdVer:    6.1.7600.16385

Module 9
C:\Windows\system32\bcrypt.dll
Image Base: 0x63610000  Image Size: 0x00017000
File Size:  80896       File Time:  2009-07-13_181122
Version:
   Company:    Microsoft Corporation
   Product:    Microsoft? Windows? Operating System
   FileDesc:   Windows Cryptographic Primitives Library (Wow64)
   FileVer:    6.1.7600.16385
   ProdVer:    6.1.7600.16385

Module 10
C:\Windows\system32\nvapi.dll
Image Base: 0x6bc10000  Image Size: 0x002be000
File Size:  2730208     File Time:  2014-05-19_194404
Version:
   Company:    NVIDIA Corporation
   Product:    NVIDIA Windows drivers
   FileDesc:   NVIDIA NVAPI Library, Version 337.88 
   FileVer:    9.18.13.3788
   ProdVer:    9.18.13.3788

Module 11
C:\Windows\system32\dbghelp.dll
Image Base: 0x6dac0000  Image Size: 0x000eb000
File Size:  854016      File Time:  2010-11-20_202410
Version:
   Company:    Microsoft Corporation
   Product:    Microsoft? Windows? Operating System
   FileDesc:   Windows Image Helper
   FileVer:    6.1.7601.17514
   ProdVer:    6.1.7601.17514

Module 12
C:\Windows\system32\dsound.dll
Image Base: 0x6de50000  Image Size: 0x00072000
File Size:  453632      File Time:  2009-07-13_181514
Version:
   Company:    Microsoft Corporation
   Product:    Microsoft? Windows? Operating System
   FileDesc:   DirectSound
   FileVer:    6.1.7600.16385
   ProdVer:    6.1.7600.16385

Module 13
C:\Windows\system32\PROPSYS.dll
Image Base: 0x71570000  Image Size: 0x000f5000
File Size:  988160      File Time:  2010-11-20_202410
Version:
   Company:    Microsoft Corporation
   Product:    Windows? Search
   FileDesc:   Microsoft Property System
   FileVer:    7.0.7601.17514
   ProdVer:    7.0.7601.17514

Module 14
C:\Windows\system32\POWRPROF.dll
Image Base: 0x71800000  Image Size: 0x00025000
File Size:  145408      File Time:  2009-07-13_181614
Version:
   Company:    Microsoft Corporation
   Product:    Microsoft? Windows? Operating System
   FileDesc:   Power Profile Helper DLL
   FileVer:    6.1.7600.16385
   ProdVer:    6.1.7600.16385

Module 15
C:\Windows\system32\MMDevAPI.DLL
Image Base: 0x71830000  Image Size: 0x00039000
File Size:  213504      File Time:  2010-11-20_202352
Version:
   Company:    Microsoft Corporation
   Product:    Microsoft? Windows? Operating System
   FileDesc:   MMDevice API
   FileVer:    6.1.7601.17514
   ProdVer:    6.1.7601.17514

Module 16
C:\Windows\system32\AUDIOSES.DLL
Image Base: 0x71870000  Image Size: 0x00036000
File Size:  195584      File Time:  2010-11-20_202356
Version:
   Company:    Microsoft Corporation
   Product:    Microsoft? Windows? Operating System
   FileDesc:   Audio Session
   FileVer:    6.1.7601.17514
   ProdVer:    6.1.7601.17514

Module 17
C:\Windows\system32\HID.DLL
Image Base: 0x71b80000  Image Size: 0x00009000
File Size:  22016       File Time:  2009-07-13_181526
Version:
   Company:    Microsoft Corporation
   Product:    Microsoft? Windows? Operating System
   FileDesc:   Hid User Library
   FileVer:    6.1.7600.16385
   ProdVer:    6.1.7600.16385

Module 18
C:\Windows\system32\DDRAW.dll
Image Base: 0x71c40000  Image Size: 0x000e7000
File Size:  531968      File Time:  2009-07-13_181512
Version:
   Company:    Microsoft Corporation
   Product:    Microsoft? Windows? Operating System
   FileDesc:   Microsoft DirectDraw
   FileVer:    6.1.7600.16385
   ProdVer:    6.1.7600.16385

Module 19
C:\Windows\system32\rsaenh.dll
Image Base: 0x71d60000  Image Size: 0x0003b000
File Size:  242936      File Time:  2009-07-13_181756
Version:
   Company:    Microsoft Corporation
   Product:    Microsoft? Windows? Operating System
   FileDesc:   Microsoft Enhanced Cryptographic Provider
   FileVer:    6.1.7600.16385
   ProdVer:    6.1.7600.16385

Module 20
C:\Windows\system32\CRYPTSP.dll
Image Base: 0x71da0000  Image Size: 0x00016000
File Size:  78848       File Time:  2009-07-13_181508
Version:
   Company:    Microsoft Corporation
   Product:    Microsoft? Windows? Operating System
   FileDesc:   Cryptographic Service Provider API
   FileVer:    6.1.7600.16385
   ProdVer:    6.1.7600.16385

Module 21
C:\Windows\system32\midimap.dll
Image Base: 0x71dc0000  Image Size: 0x00007000
File Size:  16896       File Time:  2009-07-13_181542
Version:
   Company:    Microsoft Corporation
   Product:    Microsoft? Windows? Operating System
   FileDesc:   Microsoft MIDI Mapper
   FileVer:    6.1.7600.16385
   ProdVer:    6.1.7600.16385

Module 22
C:\Windows\system32\MSACM32.dll
Image Base: 0x71dd0000  Image Size: 0x00014000
File Size:  72192       File Time:  2009-07-13_181544
Version:
   Company:    Microsoft Corporation
   Product:    Microsoft? Windows? Operating System
   FileDesc:   Microsoft ACM Audio Filter
   FileVer:    6.1.7600.16385
   ProdVer:    6.1.7600.16385

Module 23
C:\Windows\system32\DNSAPI.dll
Image Base: 0x71e90000  Image Size: 0x00044000
File Size:  270336      File Time:  2011-03-02_223802
Version:
   Company:    Microsoft Corporation
   Product:    Microsoft? Windows? Operating System
   FileDesc:   DNS Client API DLL
   FileVer:    6.1.7601.17570
   ProdVer:    6.1.7601.17570

Module 24
C:\Windows\system32\MSWSOCK.dll
Image Base: 0x71f40000  Image Size: 0x0003c000
File Size:  231424      File Time:  2013-09-07_190400
Version:
   Company:    Microsoft Corporation
   Product:    Microsoft? Windows? Operating System
   FileDesc:   Microsoft Windows Sockets 2.0 Service Provider
   FileVer:    6.1.7601.18254
   ProdVer:    6.1.7601.18254

Module 25
C:\Windows\system32\wdmaud.drv
Image Base: 0x72690000  Image Size: 0x00030000
File Size:  172032      File Time:  2010-11-20_202402
Version:
   Company:    Microsoft Corporation
   Product:    Microsoft? Windows? Operating System
   FileDesc:   Winmm  audio system driver
   FileVer:    6.1.7601.17514
   ProdVer:    6.1.7601.17514

Module 26
C:\Windows\system32\GLU32.dll
Image Base: 0x726c0000  Image Size: 0x00022000
File Size:  130048      File Time:  2009-07-13_181524
Version:
   Company:    Microsoft Corporation
   Product:    Microsoft? Windows? Operating System
   FileDesc:   OpenGL Utility Library DLL
   FileVer:    6.1.7600.16385
   ProdVer:    6.1.7600.16385

Module 27
C:\Windows\system32\OPENGL32.dll
Image Base: 0x726f0000  Image Size: 0x000c8000
File Size:  791552      File Time:  2009-07-13_181614
Version:
   Company:    Microsoft Corporation
   Product:    Microsoft? Windows? Operating System
   FileDesc:   OpenGL Client DLL
   FileVer:    6.1.7600.16385
   ProdVer:    6.1.7600.16385

Module 28
C:\Windows\WinSxS\x86_microsoft.windows.common-controls_6595b64144ccf1df_6.0.7601.17514_none_41e6975e2bd6f2b2\comctl32.dll
Image Base: 0x72a10000  Image Size: 0x0019e000
File Size:  1680896     File Time:  2010-11-20_202356
Version:
   Company:    Microsoft Corporation
   Product:    Microsoft? Windows? Operating System
   FileDesc:   User Experience Controls Library
   FileVer:    6.10.7601.17514
   ProdVer:    6.1.7601.17514

Module 29
C:\Windows\system32\msacm32.drv
Image Base: 0x72c40000  Image Size: 0x00008000
File Size:  20992       File Time:  2009-07-13_181410
Version:
   Company:    Microsoft Corporation
   Product:    Microsoft? Windows? Operating System
   FileDesc:   Microsoft Sound Mapper
   FileVer:    6.1.7600.16385
   ProdVer:    6.1.7600.16385

Module 30
C:\Windows\system32\dwmapi.dll
Image Base: 0x72c50000  Image Size: 0x00013000
File Size:  67072       File Time:  2009-07-13_181514
Version:
   Company:    Microsoft Corporation
   Product:    Microsoft? Windows? Operating System
   FileDesc:   Microsoft Desktop Window Manager API
   FileVer:    6.1.7600.16385
   ProdVer:    6.1.7600.16385

Module 31
C:\Windows\system32\AVRT.dll
Image Base: 0x72c70000  Image Size: 0x00007000
File Size:  14336       File Time:  2009-07-13_181500
Version:
   Company:    Microsoft Corporation
   Product:    Microsoft? Windows? Operating System
   FileDesc:   Multimedia Realtime Runtime
   FileVer:    6.1.7600.16385
   ProdVer:    6.1.7600.16385

Module 32
C:\Windows\system32\ksuser.dll
Image Base: 0x72c80000  Image Size: 0x00004000
File Size:  4608        File Time:  2009-07-13_181536
Version:
   Company:    Microsoft Corporation
   Product:    Microsoft? Windows? Operating System
   FileDesc:   User CSA Library
   FileVer:    6.1.7600.16385
   ProdVer:    6.1.7600.16385

Module 33
C:\Windows\system32\uxtheme.dll
Image Base: 0x72ce0000  Image Size: 0x00080000
File Size:  245760      File Time:  2009-07-13_181126
Version:
   Company:    Microsoft Corporation
   Product:    Microsoft? Windows? Operating System
   FileDesc:   Microsoft UxTheme Library
   FileVer:    6.1.7600.16385
   ProdVer:    6.1.7600.16385

Module 34
C:\Windows\system32\webio.dll
Image Base: 0x72f10000  Image Size: 0x0004f000
File Size:  314880      File Time:  2011-11-16_223504
Version:
   Company:    Microsoft Corporation
   Product:    Microsoft? Windows? Operating System
   FileDesc:   Web Transfer Protocols API
   FileVer:    6.1.7601.17725
   ProdVer:    6.1.7601.17725

Module 35
C:\Windows\system32\WINHTTP.dll
Image Base: 0x72f60000  Image Size: 0x00058000
File Size:  351232      File Time:  2010-11-20_202410
Version:
   Company:    Microsoft Corporation
   Product:    Microsoft? Windows? Operating System
   FileDesc:   Windows HTTP Services
   FileVer:    6.1.7601.17514
   ProdVer:    6.1.7601.17514

Module 36
C:\Windows\system32\WINNSI.DLL
Image Base: 0x73040000  Image Size: 0x00007000
File Size:  16896       File Time:  2009-07-13_181620
Version:
   Company:    Microsoft Corporation
   Product:    Microsoft? Windows? Operating System
   FileDesc:   Network Store Information RPC interface
   FileVer:    6.1.7600.16385
   ProdVer:    6.1.7600.16385

Module 37
C:\Windows\system32\IPHLPAPI.DLL
Image Base: 0x73050000  Image Size: 0x0001c000
File Size:  103936      File Time:  2010-11-20_202434
Version:
   Company:    Microsoft Corporation
   Product:    Microsoft? Windows? Operating System
   FileDesc:   IP Helper API
   FileVer:    6.1.7601.17514
   ProdVer:    6.1.7601.17514

Module 38
C:\Windows\system32\DCIMAN32.dll
Image Base: 0x74430000  Image Size: 0x00006000
File Size:  10240       File Time:  2013-06-05_215058
Version:
   Company:    Microsoft Corporation
   Product:    Microsoft? Windows? Operating System
   FileDesc:   DCI Manager
   FileVer:    6.1.7601.18177
   ProdVer:    6.1.7601.18177

Module 39
C:\Windows\system32\WINMM.dll
Image Base: 0x744e0000  Image Size: 0x00032000
File Size:  194048      File Time:  2010-11-20_202418
Version:
   Company:    Microsoft Corporation
   Product:    Microsoft? Windows? Operating System
   FileDesc:   MCI API DLL
   FileVer:    6.1.7601.17514
   ProdVer:    6.1.7601.17514

Module 40
C:\Windows\system32\VERSION.dll
Image Base: 0x75490000  Image Size: 0x00009000
File Size:  21504       File Time:  2009-07-13_181618
Version:
   Company:    Microsoft Corporation
   Product:    Microsoft? Windows? Operating System
   FileDesc:   Version Checking and File Installation Libraries
   FileVer:    6.1.7600.16385
   ProdVer:    6.1.7600.16385

Module 41
C:\Windows\syswow64\CRYPTBASE.dll
Image Base: 0x75560000  Image Size: 0x0000c000
File Size:  36864       File Time:  2009-07-13_181508
Version:
   Company:    Microsoft Corporation
   Product:    Microsoft? Windows? Operating System
   FileDesc:   Base cryptographic API DLL
   FileVer:    6.1.7600.16385
   ProdVer:    6.1.7600.16385

Module 42
C:\Windows\syswow64\SspiCli.dll
Image Base: 0x75570000  Image Size: 0x00060000
File Size:  96768       File Time:  2014-07-06_183918
Version:
   Company:    Microsoft Corporation
   Product:    Microsoft? Windows? Operating System
   FileDesc:   Security Support Provider Interface
   FileVer:    6.1.7601.18526
   ProdVer:    6.1.7601.18526

Module 43
C:\Windows\syswow64\WINTRUST.dll
Image Base: 0x755d0000  Image Size: 0x0002e000
File Size:  175104      File Time:  2013-07-08_215212
Version:
   Company:    Microsoft Corporation
   Product:    Microsoft? Windows? Operating System
   FileDesc:   Microsoft Trust Verification APIs
   FileVer:    6.1.7601.18205
   ProdVer:    6.1.7601.18205

Module 44
C:\Windows\syswow64\CFGMGR32.dll
Image Base: 0x75610000  Image Size: 0x00027000
File Size:  145920      File Time:  2011-05-24_033940
Version:
   Company:    Microsoft Corporation
   Product:    Microsoft? Windows? Operating System
   FileDesc:   Configuration Manager DLL
   FileVer:    6.1.7601.17621
   ProdVer:    6.1.7601.17621

Module 45
C:\Windows\syswow64\msvcrt.dll
Image Base: 0x75640000  Image Size: 0x000ac000
File Size:  690688      File Time:  2011-12-16_005300
Version:
   Company:    Microsoft Corporation
   Product:    Microsoft? Windows? Operating System
   FileDesc:   Windows NT CRT DLL
   FileVer:    7.0.7601.17744
   ProdVer:    6.1.8638.17744

Module 46
C:\Windows\syswow64\SETUPAPI.dll
Image Base: 0x756f0000  Image Size: 0x0019d000
File Size:  1667584     File Time:  2010-11-20_202352
Version:
   Company:    Microsoft Corporation
   Product:    Microsoft? Windows? Operating System
   FileDesc:   Windows Setup API
   FileVer:    6.1.7601.17514
   ProdVer:    6.1.7601.17514

Module 47
C:\Windows\syswow64\ADVAPI32.dll
Image Base: 0x75890000  Image Size: 0x000a0000
File Size:  640512      File Time:  2013-08-28_184818
Version:
   Company:    Microsoft Corporation
   Product:    Microsoft? Windows? Operating System
   FileDesc:   Advanced Windows 32 Base API
   FileVer:    6.1.7601.18247
   ProdVer:    6.1.7601.18247

Module 48
C:\Windows\syswow64\SHELL32.dll
Image Base: 0x75930000  Image Size: 0x00c4a000
File Size:  12874240    File Time:  2014-06-24_184132
Version:
   Company:    Microsoft Corporation
   Product:    Microsoft? Windows? Operating System
   FileDesc:   Windows Shell Common Dll
   FileVer:    6.1.7601.18517
   ProdVer:    6.1.7601.18517

Module 49
C:\Windows\syswow64\ole32.dll
Image Base: 0x76580000  Image Size: 0x0015c000
File Size:  1414144     File Time:  2010-11-20_202402
Version:
   Company:    Microsoft Corporation
   Product:    Microsoft? Windows? Operating System
   FileDesc:   Microsoft OLE for Windows
   FileVer:    6.1.7601.17514
   ProdVer:    6.1.7601.17514

Module 50
C:\Windows\syswow64\MSCTF.dll
Image Base: 0x766e0000  Image Size: 0x000cc000
File Size:  828928      File Time:  2009-07-13_181544
Version:
   Company:    Microsoft Corporation
   Product:    Microsoft? Windows? Operating System
   FileDesc:   MSCTF Server DLL
   FileVer:    6.1.7600.16385
   ProdVer:    6.1.7600.16385

Module 51
C:\Windows\syswow64\USER32.dll
Image Base: 0x767c0000  Image Size: 0x00100000
File Size:  833024      File Time:  2010-11-20_202422
Version:
   Company:    Microsoft Corporation
   Product:    Microsoft? Windows? Operating System
   FileDesc:   Multi-User Windows USER API Client DLL
   FileVer:    6.1.7601.17514
   ProdVer:    6.1.7601.17514

Module 52
C:\Windows\syswow64\PSAPI.DLL
Image Base: 0x768c0000  Image Size: 0x00005000
File Size:  6144        File Time:  2009-07-13_181614
Version:
   Company:    Microsoft Corporation
   Product:    Microsoft? Windows? Operating System
   FileDesc:   Process Status Helper
   FileVer:    6.1.7600.16385
   ProdVer:    6.1.7600.16385

Module 53
C:\Windows\syswow64\NSI.dll
Image Base: 0x768d0000  Image Size: 0x00006000
File Size:  8704        File Time:  2009-07-13_181612
Version:
   Company:    Microsoft Corporation
   Product:    Microsoft? Windows? Operating System
   FileDesc:   NSI User-mode interface DLL
   FileVer:    6.1.7600.16385
   ProdVer:    6.1.7600.16385

Module 54
C:\Windows\syswow64\DEVOBJ.dll
Image Base: 0x768e0000  Image Size: 0x00012000
File Size:  64512       File Time:  2011-05-24_034006
Version:
   Company:    Microsoft Corporation
   Product:    Microsoft? Windows? Operating System
   FileDesc:   Device Information Set DLL
   FileVer:    6.1.7601.17621
   ProdVer:    6.1.7601.17621

Module 55
C:\Windows\syswow64\IMM32.dll
Image Base: 0x76900000  Image Size: 0x00060000
File Size:  119808      File Time:  2010-11-20_202426
Version:
   Company:    Microsoft Corporation
   Product:    Microsoft? Windows? Operating System
   FileDesc:   Multi-User Windows IMM32 API Client DLL
   FileVer:    6.1.7601.17514
   ProdVer:    6.1.7601.17514

Module 56
C:\Windows\syswow64\kernel32.dll
Image Base: 0x76990000  Image Size: 0x00110000
File Size:  1114112     File Time:  2014-03-04_021618
Version:
   Company:    Microsoft Corporation
   Product:    Microsoft? Windows? Operating System
   FileDesc:   Windows NT BASE API Client DLL
   FileVer:    6.1.7601.18409
   ProdVer:    6.1.7601.18409

Module 57
C:\Windows\syswow64\GDI32.dll
Image Base: 0x76ab0000  Image Size: 0x00090000
File Size:  311808      File Time:  2014-08-22_184556
Version:
   Company:    Microsoft Corporation
   Product:    Microsoft? Windows? Operating System
   FileDesc:   GDI Client DLL
   FileVer:    6.1.7601.18577
   ProdVer:    6.1.7601.18577

Module 58
C:\Windows\syswow64\MSASN1.dll
Image Base: 0x76b40000  Image Size: 0x0000c000
File Size:  34304       File Time:  2010-11-20_202350
Version:
   Company:    Microsoft Corporation
   Product:    Microsoft? Windows? Operating System
   FileDesc:   ASN.1 Runtime APIs
   FileVer:    6.1.7601.17514
   ProdVer:    6.1.7601.17514

Module 59
C:\Windows\syswow64\CRYPT32.dll
Image Base: 0x76cd0000  Image Size: 0x00120000
File Size:  1168384     File Time:  2013-10-05_125726
Version:
   Company:    Microsoft Corporation
   Product:    Microsoft? Windows? Operating System
   FileDesc:   Crypto API32
   FileVer:    6.1.7601.18277
   ProdVer:    6.1.7601.18277

Module 60
C:\Windows\syswow64\CLBCatQ.DLL
Image Base: 0x76e00000  Image Size: 0x00083000
File Size:  522240      File Time:  2009-07-13_181504
Version:
   Company:    Microsoft Corporation
   Product:    Microsoft? Windows? Operating System
   FileDesc:   COM+ Configuration Catalog
   FileVer:    2001.12.8530.16385
   ProdVer:    6.1.7600.16385

Module 61
C:\Windows\syswow64\OLEAUT32.dll
Image Base: 0x77240000  Image Size: 0x0008f000
File Size:  571904      File Time:  2011-08-26_212628
Version:
   Company:    Microsoft Corporation
   Product:    
   FileDesc:   
   FileVer:    6.1.7601.17676
   ProdVer:    6.1.7601.17676

Module 62
C:\Windows\SysWOW64\sechost.dll
Image Base: 0x772d0000  Image Size: 0x00019000
File Size:  92160       File Time:  2009-07-13_181614
Version:
   Company:    Microsoft Corporation
   Product:    Microsoft? Windows? Operating System
   FileDesc:   Host for SCM/SDDL/LSA Lookup APIs
   FileVer:    6.1.7600.16385
   ProdVer:    6.1.7600.16385

Module 63
C:\Windows\syswow64\USP10.dll
Image Base: 0x772f0000  Image Size: 0x0009d000
File Size:  626688      File Time:  2014-04-24_190618
Version:
   Company:    Microsoft Corporation
   Product:    Microsoft(R) Uniscribe Unicode script processor
   FileDesc:   Uniscribe Unicode script processor
   FileVer:    1.626.7601.18454
   ProdVer:    1.626.7601.18454

Module 64
C:\Windows\syswow64\SHLWAPI.dll
Image Base: 0x77390000  Image Size: 0x00057000
File Size:  350208      File Time:  2010-11-20_202350
Version:
   Company:    Microsoft Corporation
   Product:    Microsoft? Windows? Operating System
   FileDesc:   Shell Light-weight Utility Library
   FileVer:    6.1.7601.17514
   ProdVer:    6.1.7601.17514

Module 65
C:\Windows\syswow64\KERNELBASE.dll
Image Base: 0x773f0000  Image Size: 0x00047000
File Size:  274944      File Time:  2014-03-04_021620
Version:
   Company:    Microsoft Corporation
   Product:    Microsoft? Windows? Operating System
   FileDesc:   Windows NT BASE API Client DLL
   FileVer:    6.1.7601.18409
   ProdVer:    6.1.7601.18409

Module 66
C:\Windows\syswow64\LPK.dll
Image Base: 0x77470000  Image Size: 0x0000a000
File Size:  25600       File Time:  2013-06-05_215702
Version:
   Company:    Microsoft Corporation
   Product:    Microsoft? Windows? Operating System
   FileDesc:   Language Pack
   FileVer:    6.1.7601.18177
   ProdVer:    6.1.7601.18177

Module 67
C:\Windows\syswow64\WS2_32.dll
Image Base: 0x77480000  Image Size: 0x00035000
File Size:  206848      File Time:  2010-11-20_202356
Version:
   Company:    Microsoft Corporation
   Product:    Microsoft? Windows? Operating System
   FileDesc:   Windows Socket 2.0 32-Bit DLL
   FileVer:    6.1.7601.17514
   ProdVer:    6.1.7601.17514

Module 68
C:\Windows\syswow64\RPCRT4.dll
Image Base: 0x774c0000  Image Size: 0x000f0000
File Size:  664064      File Time:  2014-07-13_184100
Version:
   Company:    Microsoft Corporation
   Product:    Microsoft? Windows? Operating System
   FileDesc:   Remote Procedure Call Runtime
   FileVer:    6.1.7601.18532
   ProdVer:    6.1.7601.18532

Module 69
C:\Windows\SysWOW64\ntdll.dll
Image Base: 0x77b80000  Image Size: 0x00180000
File Size:  1292192     File Time:  2013-08-28_185032
Version:
   Company:    Microsoft Corporation
   Product:    Microsoft? Windows? Operating System
   FileDesc:   NT Layer DLL
   FileVer:    6.1.7601.18247
   ProdVer:    6.1.7601.18247


== [end of error.log] ==
